<?xml version="1.0" encoding="UTF-8"?>
<!-- Generated by org.testng.reporters.JUnitReportReporter -->
<testsuite hostname="WindowsArjay" failures="0" tests="1" name="com.herokuapp.theinternet.PositiveTests" time="10.604" errors="0" timestamp="2021-11-01T23:04:28 SGT" skipped="0">
  <testcase classname="com.herokuapp.theinternet.PositiveTests" name="loginTest" time="10.604"/>
  <system-out/>
</testsuite> <!-- com.herokuapp.theinternet.PositiveTests -->
